2015-01-08 19:38:22.306 blankbook[2050:92635] DiskCookieStorage changing policy from 2 to 0, cookie file: file:///Users/emmgtz/Library/Developer/CoreSimulator/Devices/6F71749D-9395-4738-951A-F1F890269CDB/data/Containers/Data/Application/321E1D7E-1466-4427-B800-67BE8069FB84/Library/Cookies/Cookies.binarycookies
2015-01-08 19:38:22.415 blankbook[2050:92635] Multi-tasking -> Device: YES, App: YES
2015-01-08 19:38:22.423 blankbook[2050:92635] Unlimited access to network resources
2015-01-08 19:38:22.426 blankbook[2050:92635] 

Started backup to iCloud! Please be careful.
Your application might rejected by Apple if you store too much data.
For more information please read "iOS Data Storage Guidelines"
You could find it at the following address https://developer.apple.com/icloud/documentation/data-storage/ .

2015-01-08 19:38:22.641 blankbook[2050:92635] [CDVTimer][file] 2.274990ms
2015-01-08 19:38:22.666 blankbook[2050:92635] [CDVTimer][statusbar] 25.335014ms
2015-01-08 19:38:22.670 blankbook[2050:92635] [CDVTimer][splashscreen] 3.232002ms
2015-01-08 19:38:22.670 blankbook[2050:92635] [CDVTimer][TotalPluginStartup] 31.275034ms
2015-01-08 19:38:22.753 blankbook[2050:92635] Resetting plugins due to page load.
2015-01-08 19:38:22.793 blankbook[2050:92635] Finished load of: file:///Users/emmgtz/Library/Developer/CoreSimulator/Devices/6F71749D-9395-4738-951A-F1F890269CDB/data/Containers/Bundle/Application/10A0E435-1D5D-4A76-8705-AB098FA74B1E/blankbook.app/www/index.html
2015-01-08 19:38:22.861 blankbook[2050:92635] METEOR CORDOVA DEBUG (meteor_cordova_loader.js) Error reading version file Error: Failed to resolve entry: file:///Users/emmgtz/Library/Developer/CoreSimulator/Devices/6F71749D-9395-4738-951A-F1F890269CDB/data/Containers/Data/Application/321E1D7E-1466-4427-B800-67BE8069FB84/Library/NoCloud/meteor/version
2015-01-08 19:38:22.862 blankbook[2050:92635] METEOR CORDOVA DEBUG (meteor_cordova_loader.js) Couldn't load from the manifest, falling back to the bundled assets.
2015-01-08 19:38:22.862 blankbook[2050:92635] start serving (
    "/Users/emmgtz/Library/Developer/CoreSimulator/Devices/6F71749D-9395-4738-951A-F1F890269CDB/data/Containers/Bundle/Application/10A0E435-1D5D-4A76-8705-AB098FA74B1E/blankbook.app/www/application/",
    "/Users/emmgtz/Library/Developer/CoreSimulator/Devices/6F71749D-9395-4738-951A-F1F890269CDB/data/Containers/Bundle/Application/10A0E435-1D5D-4A76-8705-AB098FA74B1E/blankbook.app/www/"
)
2015-01-08 19:38:22.863 blankbook[2050:92635] METEOR CORDOVA DEBUG (meteor_cordova_loader.js) Loading from url: http://meteor.local
2015-01-08 19:38:22.865 blankbook[2050:92635] Resetting plugins due to page load.
2015-01-08 19:38:22.867 blankbook[2050:92673] METEOR CORDOVA DEBUG loading filepath: /Users/emmgtz/Library/Developer/CoreSimulator/Devices/6F71749D-9395-4738-951A-F1F890269CDB/data/Containers/Bundle/Application/10A0E435-1D5D-4A76-8705-AB098FA74B1E/blankbook.app/www/application/index.html for path: %2F
2015-01-08 19:38:22.888 blankbook[2050:92673] METEOR CORDOVA DEBUG loading filepath: /Users/emmgtz/Library/Developer/CoreSimulator/Devices/6F71749D-9395-4738-951A-F1F890269CDB/data/Containers/Bundle/Application/10A0E435-1D5D-4A76-8705-AB098FA74B1E/blankbook.app/www/application/13e72bc52ef396e847bb18e14e5fc4470877ad97.css for path: %2F13e72bc52ef396e847bb18e14e5fc4470877ad97.css
2015-01-08 19:38:22.889 blankbook[2050:92673] METEOR CORDOVA DEBUG loading filepath: /Users/emmgtz/Library/Developer/CoreSimulator/Devices/6F71749D-9395-4738-951A-F1F890269CDB/data/Containers/Bundle/Application/10A0E435-1D5D-4A76-8705-AB098FA74B1E/blankbook.app/www/cordova.js for path: %2Fcordova.js
2015-01-08 19:38:22.890 blankbook[2050:92673] METEOR CORDOVA DEBUG loading filepath: /Users/emmgtz/Library/Developer/CoreSimulator/Devices/6F71749D-9395-4738-951A-F1F890269CDB/data/Containers/Bundle/Application/10A0E435-1D5D-4A76-8705-AB098FA74B1E/blankbook.app/www/application/packages/underscore.js for path: %2Fpackages%2Funderscore.js
2015-01-08 19:38:22.891 blankbook[2050:92673] METEOR CORDOVA DEBUG loading filepath: /Users/emmgtz/Library/Developer/CoreSimulator/Devices/6F71749D-9395-4738-951A-F1F890269CDB/data/Containers/Bundle/Application/10A0E435-1D5D-4A76-8705-AB098FA74B1E/blankbook.app/www/application/packages/meteor.js for path: %2Fpackages%2Fmeteor.js
2015-01-08 19:38:22.892 blankbook[2050:92673] METEOR CORDOVA DEBUG loading filepath: /Users/emmgtz/Library/Developer/CoreSimulator/Devices/6F71749D-9395-4738-951A-F1F890269CDB/data/Containers/Bundle/Application/10A0E435-1D5D-4A76-8705-AB098FA74B1E/blankbook.app/www/application/packages/json.js for path: %2Fpackages%2Fjson.js
2015-01-08 19:38:22.894 blankbook[2050:92673] METEOR CORDOVA DEBUG loading filepath: /Users/emmgtz/Library/Developer/CoreSimulator/Devices/6F71749D-9395-4738-951A-F1F890269CDB/data/Containers/Bundle/Application/10A0E435-1D5D-4A76-8705-AB098FA74B1E/blankbook.app/www/application/packages/base64.js for path: %2Fpackages%2Fbase64.js
2015-01-08 19:38:22.896 blankbook[2050:92673] METEOR CORDOVA DEBUG loading filepath: /Users/emmgtz/Library/Developer/CoreSimulator/Devices/6F71749D-9395-4738-951A-F1F890269CDB/data/Containers/Bundle/Application/10A0E435-1D5D-4A76-8705-AB098FA74B1E/blankbook.app/www/application/packages/ejson.js for path: %2Fpackages%2Fejson.js
2015-01-08 19:38:22.897 blankbook[2050:92673] METEOR CORDOVA DEBUG loading filepath: /Users/emmgtz/Library/Developer/CoreSimulator/Devices/6F71749D-9395-4738-951A-F1F890269CDB/data/Containers/Bundle/Application/10A0E435-1D5D-4A76-8705-AB098FA74B1E/blankbook.app/www/application/packages/logging.js for path: %2Fpackages%2Flogging.js
2015-01-08 19:38:22.897 blankbook[2050:92673] METEOR CORDOVA DEBUG loading filepath: /Users/emmgtz/Library/Developer/CoreSimulator/Devices/6F71749D-9395-4738-951A-F1F890269CDB/data/Containers/Bundle/Application/10A0E435-1D5D-4A76-8705-AB098FA74B1E/blankbook.app/www/application/packages/reload.js for path: %2Fpackages%2Freload.js
2015-01-08 19:38:22.901 blankbook[2050:92673] METEOR CORDOVA DEBUG loading filepath: /Users/emmgtz/Library/Developer/CoreSimulator/Devices/6F71749D-9395-4738-951A-F1F890269CDB/data/Containers/Bundle/Application/10A0E435-1D5D-4A76-8705-AB098FA74B1E/blankbook.app/www/application/packages/tracker.js for path: %2Fpackages%2Ftracker.js
2015-01-08 19:38:22.901 blankbook[2050:92673] METEOR CORDOVA DEBUG loading filepath: /Users/emmgtz/Library/Developer/CoreSimulator/Devices/6F71749D-9395-4738-951A-F1F890269CDB/data/Containers/Bundle/Application/10A0E435-1D5D-4A76-8705-AB098FA74B1E/blankbook.app/www/application/packages/random.js for path: %2Fpackages%2Frandom.js
2015-01-08 19:38:22.903 blankbook[2050:92673] METEOR CORDOVA DEBUG loading filepath: /Users/emmgtz/Library/Developer/CoreSimulator/Devices/6F71749D-9395-4738-951A-F1F890269CDB/data/Containers/Bundle/Application/10A0E435-1D5D-4A76-8705-AB098FA74B1E/blankbook.app/www/application/packages/retry.js for path: %2Fpackages%2Fretry.js
2015-01-08 19:38:22.905 blankbook[2050:92673] METEOR CORDOVA DEBUG loading filepath: /Users/emmgtz/Library/Developer/CoreSimulator/Devices/6F71749D-9395-4738-951A-F1F890269CDB/data/Containers/Bundle/Application/10A0E435-1D5D-4A76-8705-AB098FA74B1E/blankbook.app/www/application/packages/check.js for path: %2Fpackages%2Fcheck.js
2015-01-08 19:38:22.906 blankbook[2050:92673] METEOR CORDOVA DEBUG loading filepath: /Users/emmgtz/Library/Developer/CoreSimulator/Devices/6F71749D-9395-4738-951A-F1F890269CDB/data/Containers/Bundle/Application/10A0E435-1D5D-4A76-8705-AB098FA74B1E/blankbook.app/www/application/packages/id-map.js for path: %2Fpackages%2Fid-map.js
2015-01-08 19:38:22.908 blankbook[2050:92673] METEOR CORDOVA DEBUG loading filepath: /Users/emmgtz/Library/Developer/CoreSimulator/Devices/6F71749D-9395-4738-951A-F1F890269CDB/data/Containers/Bundle/Application/10A0E435-1D5D-4A76-8705-AB098FA74B1E/blankbook.app/www/application/packages/ordered-dict.js for path: %2Fpackages%2Fordered-dict.js
2015-01-08 19:38:22.909 blankbook[2050:92673] METEOR CORDOVA DEBUG loading filepath: /Users/emmgtz/Library/Developer/CoreSimulator/Devices/6F71749D-9395-4738-951A-F1F890269CDB/data/Containers/Bundle/Application/10A0E435-1D5D-4A76-8705-AB098FA74B1E/blankbook.app/www/application/packages/geojson-utils.js for path: %2Fpackages%2Fgeojson-utils.js
2015-01-08 19:38:22.911 blankbook[2050:92673] METEOR CORDOVA DEBUG loading filepath: /Users/emmgtz/Library/Developer/CoreSimulator/Devices/6F71749D-9395-4738-951A-F1F890269CDB/data/Containers/Bundle/Application/10A0E435-1D5D-4A76-8705-AB098FA74B1E/blankbook.app/www/application/packages/minimongo.js for path: %2Fpackages%2Fminimongo.js
2015-01-08 19:38:22.913 blankbook[2050:92673] METEOR CORDOVA DEBUG loading filepath: /Users/emmgtz/Library/Developer/CoreSimulator/Devices/6F71749D-9395-4738-951A-F1F890269CDB/data/Containers/Bundle/Application/10A0E435-1D5D-4A76-8705-AB098FA74B1E/blankbook.app/www/application/packages/ddp.js for path: %2Fpackages%2Fddp.js
2015-01-08 19:38:22.916 blankbook[2050:92673] METEOR CORDOVA DEBUG loading filepath: /Users/emmgtz/Library/Developer/CoreSimulator/Devices/6F71749D-9395-4738-951A-F1F890269CDB/data/Containers/Bundle/Application/10A0E435-1D5D-4A76-8705-AB098FA74B1E/blankbook.app/www/application/packages/follower-livedata.js for path: %2Fpackages%2Ffollower-livedata.js
2015-01-08 19:38:22.917 blankbook[2050:92673] METEOR CORDOVA DEBUG loading filepath: /Users/emmgtz/Library/Developer/CoreSimulator/Devices/6F71749D-9395-4738-951A-F1F890269CDB/data/Containers/Bundle/Application/10A0E435-1D5D-4A76-8705-AB098FA74B1E/blankbook.app/www/application/packages/application-configuration.js for path: %2Fpackages%2Fapplication-configuration.js
2015-01-08 19:38:22.919 blankbook[2050:92673] METEOR CORDOVA DEBUG loading filepath: /Users/emmgtz/Library/Developer/CoreSimulator/Devices/6F71749D-9395-4738-951A-F1F890269CDB/data/Containers/Bundle/Application/10A0E435-1D5D-4A76-8705-AB098FA74B1E/blankbook.app/www/application/packages/mongo.js for path: %2Fpackages%2Fmongo.js
2015-01-08 19:38:22.920 blankbook[2050:92673] METEOR CORDOVA DEBUG loading filepath: /Users/emmgtz/Library/Developer/CoreSimulator/Devices/6F71749D-9395-4738-951A-F1F890269CDB/data/Containers/Bundle/Application/10A0E435-1D5D-4A76-8705-AB098FA74B1E/blankbook.app/www/application/packages/url.js for path: %2Fpackages%2Furl.js
2015-01-08 19:38:22.921 blankbook[2050:92673] METEOR CORDOVA DEBUG loading filepath: /Users/emmgtz/Library/Developer/CoreSimulator/Devices/6F71749D-9395-4738-951A-F1F890269CDB/data/Containers/Bundle/Application/10A0E435-1D5D-4A76-8705-AB098FA74B1E/blankbook.app/www/application/packages/http.js for path: %2Fpackages%2Fhttp.js
2015-01-08 19:38:22.922 blankbook[2050:92673] METEOR CORDOVA DEBUG loading filepath: /Users/emmgtz/Library/Developer/CoreSimulator/Devices/6F71749D-9395-4738-951A-F1F890269CDB/data/Containers/Bundle/Application/10A0E435-1D5D-4A76-8705-AB098FA74B1E/blankbook.app/www/application/packages/autoupdate.js for path: %2Fpackages%2Fautoupdate.js
2015-01-08 19:38:22.923 blankbook[2050:92673] METEOR CORDOVA DEBUG loading filepath: /Users/emmgtz/Library/Developer/CoreSimulator/Devices/6F71749D-9395-4738-951A-F1F890269CDB/data/Containers/Bundle/Application/10A0E435-1D5D-4A76-8705-AB098FA74B1E/blankbook.app/www/application/packages/meteor-platform.js for path: %2Fpackages%2Fmeteor-platform.js
2015-01-08 19:38:22.924 blankbook[2050:92673] METEOR CORDOVA DEBUG loading filepath: /Users/emmgtz/Library/Developer/CoreSimulator/Devices/6F71749D-9395-4738-951A-F1F890269CDB/data/Containers/Bundle/Application/10A0E435-1D5D-4A76-8705-AB098FA74B1E/blankbook.app/www/application/packages/autopublish.js for path: %2Fpackages%2Fautopublish.js
2015-01-08 19:38:22.935 blankbook[2050:92673] METEOR CORDOVA DEBUG loading filepath: /Users/emmgtz/Library/Developer/CoreSimulator/Devices/6F71749D-9395-4738-951A-F1F890269CDB/data/Containers/Bundle/Application/10A0E435-1D5D-4A76-8705-AB098FA74B1E/blankbook.app/www/application/packages/localstorage.js for path: %2Fpackages%2Flocalstorage.js
2015-01-08 19:38:22.935 blankbook[2050:92673] METEOR CORDOVA DEBUG loading filepath: /Users/emmgtz/Library/Developer/CoreSimulator/Devices/6F71749D-9395-4738-951A-F1F890269CDB/data/Containers/Bundle/Application/10A0E435-1D5D-4A76-8705-AB098FA74B1E/blankbook.app/www/application/packages/jquery.js for path: %2Fpackages%2Fjquery.js
2015-01-08 19:38:22.936 blankbook[2050:92673] METEOR CORDOVA DEBUG loading filepath: /Users/emmgtz/Library/Developer/CoreSimulator/Devices/6F71749D-9395-4738-951A-F1F890269CDB/data/Containers/Bundle/Application/10A0E435-1D5D-4A76-8705-AB098FA74B1E/blankbook.app/www/application/packages/deps.js for path: %2Fpackages%2Fdeps.js
2015-01-08 19:38:22.936 blankbook[2050:92673] METEOR CORDOVA DEBUG loading filepath: /Users/emmgtz/Library/Developer/CoreSimulator/Devices/6F71749D-9395-4738-951A-F1F890269CDB/data/Containers/Bundle/Application/10A0E435-1D5D-4A76-8705-AB098FA74B1E/blankbook.app/www/application/packages/htmljs.js for path: %2Fpackages%2Fhtmljs.js
2015-01-08 19:38:22.937 blankbook[2050:92673] METEOR CORDOVA DEBUG loading filepath: /Users/emmgtz/Library/Developer/CoreSimulator/Devices/6F71749D-9395-4738-951A-F1F890269CDB/data/Containers/Bundle/Application/10A0E435-1D5D-4A76-8705-AB098FA74B1E/blankbook.app/www/application/packages/observe-sequence.js for path: %2Fpackages%2Fobserve-sequence.js
2015-01-08 19:38:22.938 blankbook[2050:92673] METEOR CORDOVA DEBUG loading filepath: /Users/emmgtz/Library/Developer/CoreSimulator/Devices/6F71749D-9395-4738-951A-F1F890269CDB/data/Containers/Bundle/Application/10A0E435-1D5D-4A76-8705-AB098FA74B1E/blankbook.app/www/application/packages/reactive-var.js for path: %2Fpackages%2Freactive-var.js
2015-01-08 19:38:22.938 blankbook[2050:92673] METEOR CORDOVA DEBUG loading filepath: /Users/emmgtz/Library/Developer/CoreSimulator/Devices/6F71749D-9395-4738-951A-F1F890269CDB/data/Containers/Bundle/Application/10A0E435-1D5D-4A76-8705-AB098FA74B1E/blankbook.app/www/application/packages/blaze.js for path: %2Fpackages%2Fblaze.js
2015-01-08 19:38:22.939 blankbook[2050:92673] METEOR CORDOVA DEBUG loading filepath: /Users/emmgtz/Library/Developer/CoreSimulator/Devices/6F71749D-9395-4738-951A-F1F890269CDB/data/Containers/Bundle/Application/10A0E435-1D5D-4A76-8705-AB098FA74B1E/blankbook.app/www/application/packages/accounts-base.js for path: %2Fpackages%2Faccounts-base.js
2015-01-08 19:38:22.939 blankbook[2050:92673] METEOR CORDOVA DEBUG loading filepath: /Users/emmgtz/Library/Developer/CoreSimulator/Devices/6F71749D-9395-4738-951A-F1F890269CDB/data/Containers/Bundle/Application/10A0E435-1D5D-4A76-8705-AB098FA74B1E/blankbook.app/www/application/packages/service-configuration.js for path: %2Fpackages%2Fservice-configuration.js
2015-01-08 19:38:22.940 blankbook[2050:92673] METEOR CORDOVA DEBUG loading filepath: /Users/emmgtz/Library/Developer/CoreSimulator/Devices/6F71749D-9395-4738-951A-F1F890269CDB/data/Containers/Bundle/Application/10A0E435-1D5D-4A76-8705-AB098FA74B1E/blankbook.app/www/application/packages/templating.js for path: %2Fpackages%2Ftemplating.js
2015-01-08 19:38:22.940 blankbook[2050:92673] METEOR CORDOVA DEBUG loading filepath: /Users/emmgtz/Library/Developer/CoreSimulator/Devices/6F71749D-9395-4738-951A-F1F890269CDB/data/Containers/Bundle/Application/10A0E435-1D5D-4A76-8705-AB098FA74B1E/blankbook.app/www/application/packages/reactive-dict.js for path: %2Fpackages%2Freactive-dict.js
2015-01-08 19:38:22.941 blankbook[2050:92673] METEOR CORDOVA DEBUG loading filepath: /Users/emmgtz/Library/Developer/CoreSimulator/Devices/6F71749D-9395-4738-951A-F1F890269CDB/data/Containers/Bundle/Application/10A0E435-1D5D-4A76-8705-AB098FA74B1E/blankbook.app/www/application/packages/session.js for path: %2Fpackages%2Fsession.js
2015-01-08 19:38:22.942 blankbook[2050:92673] METEOR CORDOVA DEBUG loading filepath: /Users/emmgtz/Library/Developer/CoreSimulator/Devices/6F71749D-9395-4738-951A-F1F890269CDB/data/Containers/Bundle/Application/10A0E435-1D5D-4A76-8705-AB098FA74B1E/blankbook.app/www/application/packages/sha.js for path: %2Fpackages%2Fsha.js
2015-01-08 19:38:22.942 blankbook[2050:92673] METEOR CORDOVA DEBUG loading filepath: /Users/emmgtz/Library/Developer/CoreSimulator/Devices/6F71749D-9395-4738-951A-F1F890269CDB/data/Containers/Bundle/Application/10A0E435-1D5D-4A76-8705-AB098FA74B1E/blankbook.app/www/application/packages/srp.js for path: %2Fpackages%2Fsrp.js
2015-01-08 19:38:22.947 blankbook[2050:92673] METEOR CORDOVA DEBUG loading filepath: /Users/emmgtz/Library/Developer/CoreSimulator/Devices/6F71749D-9395-4738-951A-F1F890269CDB/data/Containers/Bundle/Application/10A0E435-1D5D-4A76-8705-AB098FA74B1E/blankbook.app/www/application/packages/accounts-password.js for path: %2Fpackages%2Faccounts-password.js
2015-01-08 19:38:22.949 blankbook[2050:92673] METEOR CORDOVA DEBUG loading filepath: /Users/emmgtz/Library/Developer/CoreSimulator/Devices/6F71749D-9395-4738-951A-F1F890269CDB/data/Containers/Bundle/Application/10A0E435-1D5D-4A76-8705-AB098FA74B1E/blankbook.app/www/application/packages/accounts-ui-unstyled.js for path: %2Fpackages%2Faccounts-ui-unstyled.js
2015-01-08 19:38:22.951 blankbook[2050:92673] METEOR CORDOVA DEBUG loading filepath: /Users/emmgtz/Library/Developer/CoreSimulator/Devices/6F71749D-9395-4738-951A-F1F890269CDB/data/Containers/Bundle/Application/10A0E435-1D5D-4A76-8705-AB098FA74B1E/blankbook.app/www/application/packages/less.js for path: %2Fpackages%2Fless.js
2015-01-08 19:38:22.952 blankbook[2050:92673] METEOR CORDOVA DEBUG loading filepath: /Users/emmgtz/Library/Developer/CoreSimulator/Devices/6F71749D-9395-4738-951A-F1F890269CDB/data/Containers/Bundle/Application/10A0E435-1D5D-4A76-8705-AB098FA74B1E/blankbook.app/www/application/packages/accounts-ui.js for path: %2Fpackages%2Faccounts-ui.js
2015-01-08 19:38:22.953 blankbook[2050:92673] METEOR CORDOVA DEBUG loading filepath: /Users/emmgtz/Library/Developer/CoreSimulator/Devices/6F71749D-9395-4738-951A-F1F890269CDB/data/Containers/Bundle/Application/10A0E435-1D5D-4A76-8705-AB098FA74B1E/blankbook.app/www/application/packages/webapp.js for path: %2Fpackages%2Fwebapp.js
2015-01-08 19:38:22.954 blankbook[2050:92673] METEOR CORDOVA DEBUG loading filepath: /Users/emmgtz/Library/Developer/CoreSimulator/Devices/6F71749D-9395-4738-951A-F1F890269CDB/data/Containers/Bundle/Application/10A0E435-1D5D-4A76-8705-AB098FA74B1E/blankbook.app/www/application/packages/livedata.js for path: %2Fpackages%2Flivedata.js
2015-01-08 19:38:22.956 blankbook[2050:92673] METEOR CORDOVA DEBUG loading filepath: /Users/emmgtz/Library/Developer/CoreSimulator/Devices/6F71749D-9395-4738-951A-F1F890269CDB/data/Containers/Bundle/Application/10A0E435-1D5D-4A76-8705-AB098FA74B1E/blankbook.app/www/application/packages/ui.js for path: %2Fpackages%2Fui.js
2015-01-08 19:38:22.956 blankbook[2050:92673] METEOR CORDOVA DEBUG loading filepath: /Users/emmgtz/Library/Developer/CoreSimulator/Devices/6F71749D-9395-4738-951A-F1F890269CDB/data/Containers/Bundle/Application/10A0E435-1D5D-4A76-8705-AB098FA74B1E/blankbook.app/www/application/packages/spacebars.js for path: %2Fpackages%2Fspacebars.js
2015-01-08 19:38:22.959 blankbook[2050:92673] METEOR CORDOVA DEBUG loading filepath: /Users/emmgtz/Library/Developer/CoreSimulator/Devices/6F71749D-9395-4738-951A-F1F890269CDB/data/Containers/Bundle/Application/10A0E435-1D5D-4A76-8705-AB098FA74B1E/blankbook.app/www/application/packages/fastclick.js for path: %2Fpackages%2Ffastclick.js
2015-01-08 19:38:22.960 blankbook[2050:92673] METEOR CORDOVA DEBUG loading filepath: /Users/emmgtz/Library/Developer/CoreSimulator/Devices/6F71749D-9395-4738-951A-F1F890269CDB/data/Containers/Bundle/Application/10A0E435-1D5D-4A76-8705-AB098FA74B1E/blankbook.app/www/application/packages/mobile-status-bar.js for path: %2Fpackages%2Fmobile-status-bar.js
2015-01-08 19:38:22.961 blankbook[2050:92673] METEOR CORDOVA DEBUG loading filepath: /Users/emmgtz/Library/Developer/CoreSimulator/Devices/6F71749D-9395-4738-951A-F1F890269CDB/data/Containers/Bundle/Application/10A0E435-1D5D-4A76-8705-AB098FA74B1E/blankbook.app/www/application/packages/launch-screen.js for path: %2Fpackages%2Flaunch-screen.js
2015-01-08 19:38:22.963 blankbook[2050:92673] METEOR CORDOVA DEBUG loading filepath: /Users/emmgtz/Library/Developer/CoreSimulator/Devices/6F71749D-9395-4738-951A-F1F890269CDB/data/Containers/Bundle/Application/10A0E435-1D5D-4A76-8705-AB098FA74B1E/blankbook.app/www/application/packages/global-imports.js for path: %2Fpackages%2Fglobal-imports.js
2015-01-08 19:38:22.965 blankbook[2050:92673] METEOR CORDOVA DEBUG loading filepath: /Users/emmgtz/Library/Developer/CoreSimulator/Devices/6F71749D-9395-4738-951A-F1F890269CDB/data/Containers/Bundle/Application/10A0E435-1D5D-4A76-8705-AB098FA74B1E/blankbook.app/www/application/template.blankbook.js for path: %2Ftemplate.blankbook.js
2015-01-08 19:38:22.965 blankbook[2050:92673] METEOR CORDOVA DEBUG loading filepath: /Users/emmgtz/Library/Developer/CoreSimulator/Devices/6F71749D-9395-4738-951A-F1F890269CDB/data/Containers/Bundle/Application/10A0E435-1D5D-4A76-8705-AB098FA74B1E/blankbook.app/www/application/blankbook.js for path: %2Fblankbook.js
2015-01-08 19:38:23.092 blankbook[2050:92635] Finished load of: http://meteor.local/
2015-01-08 19:38:23.094 blankbook[2050:92673] METEOR CORDOVA DEBUG loading filepath: /Users/emmgtz/Library/Developer/CoreSimulator/Devices/6F71749D-9395-4738-951A-F1F890269CDB/data/Containers/Bundle/Application/10A0E435-1D5D-4A76-8705-AB098FA74B1E/blankbook.app/www/cordova_plugins.js for path: %2Fcordova_plugins.js
2015-01-08 19:38:23.107 blankbook[2050:92673] METEOR CORDOVA DEBUG loading filepath: /Users/emmgtz/Library/Developer/CoreSimulator/Devices/6F71749D-9395-4738-951A-F1F890269CDB/data/Containers/Bundle/Application/10A0E435-1D5D-4A76-8705-AB098FA74B1E/blankbook.app/www/plugins/org.apache.cordova.console/www/console-via-logger.js for path: %2Fplugins%2Forg.apache.cordova.console%2Fwww%2Fconsole-via-logger.js
2015-01-08 19:38:23.108 blankbook[2050:92673] METEOR CORDOVA DEBUG loading filepath: /Users/emmgtz/Library/Developer/CoreSimulator/Devices/6F71749D-9395-4738-951A-F1F890269CDB/data/Containers/Bundle/Application/10A0E435-1D5D-4A76-8705-AB098FA74B1E/blankbook.app/www/plugins/org.apache.cordova.console/www/logger.js for path: %2Fplugins%2Forg.apache.cordova.console%2Fwww%2Flogger.js
2015-01-08 19:38:23.109 blankbook[2050:92673] METEOR CORDOVA DEBUG loading filepath: /Users/emmgtz/Library/Developer/CoreSimulator/Devices/6F71749D-9395-4738-951A-F1F890269CDB/data/Containers/Bundle/Application/10A0E435-1D5D-4A76-8705-AB098FA74B1E/blankbook.app/www/plugins/org.apache.cordova.file/www/DirectoryEntry.js for path: %2Fplugins%2Forg.apache.cordova.file%2Fwww%2FDirectoryEntry.js
2015-01-08 19:38:23.111 blankbook[2050:92673] METEOR CORDOVA DEBUG loading filepath: /Users/emmgtz/Library/Developer/CoreSimulator/Devices/6F71749D-9395-4738-951A-F1F890269CDB/data/Containers/Bundle/Application/10A0E435-1D5D-4A76-8705-AB098FA74B1E/blankbook.app/www/plugins/org.apache.cordova.file/www/DirectoryReader.js for path: %2Fplugins%2Forg.apache.cordova.file%2Fwww%2FDirectoryReader.js
2015-01-08 19:38:23.112 blankbook[2050:92673] METEOR CORDOVA DEBUG loading filepath: /Users/emmgtz/Library/Developer/CoreSimulator/Devices/6F71749D-9395-4738-951A-F1F890269CDB/data/Containers/Bundle/Application/10A0E435-1D5D-4A76-8705-AB098FA74B1E/blankbook.app/www/plugins/org.apache.cordova.file/www/Entry.js for path: %2Fplugins%2Forg.apache.cordova.file%2Fwww%2FEntry.js
2015-01-08 19:38:23.114 blankbook[2050:92673] METEOR CORDOVA DEBUG loading filepath: /Users/emmgtz/Library/Developer/CoreSimulator/Devices/6F71749D-9395-4738-951A-F1F890269CDB/data/Containers/Bundle/Application/10A0E435-1D5D-4A76-8705-AB098FA74B1E/blankbook.app/www/plugins/org.apache.cordova.file/www/File.js for path: %2Fplugins%2Forg.apache.cordova.file%2Fwww%2FFile.js
2015-01-08 19:38:23.115 blankbook[2050:92673] METEOR CORDOVA DEBUG loading filepath: /Users/emmgtz/Library/Developer/CoreSimulator/Devices/6F71749D-9395-4738-951A-F1F890269CDB/data/Containers/Bundle/Application/10A0E435-1D5D-4A76-8705-AB098FA74B1E/blankbook.app/www/plugins/org.apache.cordova.file/www/FileEntry.js for path: %2Fplugins%2Forg.apache.cordova.file%2Fwww%2FFileEntry.js
2015-01-08 19:38:23.116 blankbook[2050:92673] METEOR CORDOVA DEBUG loading filepath: /Users/emmgtz/Library/Developer/CoreSimulator/Devices/6F71749D-9395-4738-951A-F1F890269CDB/data/Containers/Bundle/Application/10A0E435-1D5D-4A76-8705-AB098FA74B1E/blankbook.app/www/plugins/org.apache.cordova.file/www/FileError.js for path: %2Fplugins%2Forg.apache.cordova.file%2Fwww%2FFileError.js
2015-01-08 19:38:23.116 blankbook[2050:92673] METEOR CORDOVA DEBUG loading filepath: /Users/emmgtz/Library/Developer/CoreSimulator/Devices/6F71749D-9395-4738-951A-F1F890269CDB/data/Containers/Bundle/Application/10A0E435-1D5D-4A76-8705-AB098FA74B1E/blankbook.app/www/plugins/org.apache.cordova.file/www/FileReader.js for path: %2Fplugins%2Forg.apache.cordova.file%2Fwww%2FFileReader.js
2015-01-08 19:38:23.119 blankbook[2050:92673] METEOR CORDOVA DEBUG loading filepath: /Users/emmgtz/Library/Developer/CoreSimulator/Devices/6F71749D-9395-4738-951A-F1F890269CDB/data/Containers/Bundle/Application/10A0E435-1D5D-4A76-8705-AB098FA74B1E/blankbook.app/www/plugins/org.apache.cordova.file/www/FileSystem.js for path: %2Fplugins%2Forg.apache.cordova.file%2Fwww%2FFileSystem.js
2015-01-08 19:38:23.120 blankbook[2050:92673] METEOR CORDOVA DEBUG loading filepath: /Users/emmgtz/Library/Developer/CoreSimulator/Devices/6F71749D-9395-4738-951A-F1F890269CDB/data/Containers/Bundle/Application/10A0E435-1D5D-4A76-8705-AB098FA74B1E/blankbook.app/www/plugins/org.apache.cordova.file/www/FileUploadOptions.js for path: %2Fplugins%2Forg.apache.cordova.file%2Fwww%2FFileUploadOptions.js
2015-01-08 19:38:23.122 blankbook[2050:92673] METEOR CORDOVA DEBUG loading filepath: /Users/emmgtz/Library/Developer/CoreSimulator/Devices/6F71749D-9395-4738-951A-F1F890269CDB/data/Containers/Bundle/Application/10A0E435-1D5D-4A76-8705-AB098FA74B1E/blankbook.app/www/plugins/org.apache.cordova.file/www/FileUploadResult.js for path: %2Fplugins%2Forg.apache.cordova.file%2Fwww%2FFileUploadResult.js
2015-01-08 19:38:23.123 blankbook[2050:92673] METEOR CORDOVA DEBUG loading filepath: /Users/emmgtz/Library/Developer/CoreSimulator/Devices/6F71749D-9395-4738-951A-F1F890269CDB/data/Containers/Bundle/Application/10A0E435-1D5D-4A76-8705-AB098FA74B1E/blankbook.app/www/plugins/org.apache.cordova.file/www/FileWriter.js for path: %2Fplugins%2Forg.apache.cordova.file%2Fwww%2FFileWriter.js
2015-01-08 19:38:23.124 blankbook[2050:92673] METEOR CORDOVA DEBUG loading filepath: /Users/emmgtz/Library/Developer/CoreSimulator/Devices/6F71749D-9395-4738-951A-F1F890269CDB/data/Containers/Bundle/Application/10A0E435-1D5D-4A76-8705-AB098FA74B1E/blankbook.app/www/plugins/org.apache.cordova.file/www/Flags.js for path: %2Fplugins%2Forg.apache.cordova.file%2Fwww%2FFlags.js
2015-01-08 19:38:23.125 blankbook[2050:92673] METEOR CORDOVA DEBUG loading filepath: /Users/emmgtz/Library/Developer/CoreSimulator/Devices/6F71749D-9395-4738-951A-F1F890269CDB/data/Containers/Bundle/Application/10A0E435-1D5D-4A76-8705-AB098FA74B1E/blankbook.app/www/plugins/org.apache.cordova.file/www/LocalFileSystem.js for path: %2Fplugins%2Forg.apache.cordova.file%2Fwww%2FLocalFileSystem.js
2015-01-08 19:38:23.127 blankbook[2050:92673] METEOR CORDOVA DEBUG loading filepath: /Users/emmgtz/Library/Developer/CoreSimulator/Devices/6F71749D-9395-4738-951A-F1F890269CDB/data/Containers/Bundle/Application/10A0E435-1D5D-4A76-8705-AB098FA74B1E/blankbook.app/www/plugins/org.apache.cordova.file/www/Metadata.js for path: %2Fplugins%2Forg.apache.cordova.file%2Fwww%2FMetadata.js
2015-01-08 19:38:23.134 blankbook[2050:92673] METEOR CORDOVA DEBUG loading filepath: /Users/emmgtz/Library/Developer/CoreSimulator/Devices/6F71749D-9395-4738-951A-F1F890269CDB/data/Containers/Bundle/Application/10A0E435-1D5D-4A76-8705-AB098FA74B1E/blankbook.app/www/plugins/org.apache.cordova.file/www/ProgressEvent.js for path: %2Fplugins%2Forg.apache.cordova.file%2Fwww%2FProgressEvent.js
2015-01-08 19:38:23.135 blankbook[2050:92673] METEOR CORDOVA DEBUG loading filepath: /Users/emmgtz/Library/Developer/CoreSimulator/Devices/6F71749D-9395-4738-951A-F1F890269CDB/data/Containers/Bundle/Application/10A0E435-1D5D-4A76-8705-AB098FA74B1E/blankbook.app/www/plugins/org.apache.cordova.file/www/fileSystems.js for path: %2Fplugins%2Forg.apache.cordova.file%2Fwww%2FfileSystems.js
2015-01-08 19:38:23.135 blankbook[2050:92673] METEOR CORDOVA DEBUG loading filepath: /Users/emmgtz/Library/Developer/CoreSimulator/Devices/6F71749D-9395-4738-951A-F1F890269CDB/data/Containers/Bundle/Application/10A0E435-1D5D-4A76-8705-AB098FA74B1E/blankbook.app/www/plugins/org.apache.cordova.file/www/requestFileSystem.js for path: %2Fplugins%2Forg.apache.cordova.file%2Fwww%2FrequestFileSystem.js
2015-01-08 19:38:23.136 blankbook[2050:92673] METEOR CORDOVA DEBUG loading filepath: /Users/emmgtz/Library/Developer/CoreSimulator/Devices/6F71749D-9395-4738-951A-F1F890269CDB/data/Containers/Bundle/Application/10A0E435-1D5D-4A76-8705-AB098FA74B1E/blankbook.app/www/plugins/org.apache.cordova.file/www/resolveLocalFileSystemURI.js for path: %2Fplugins%2Forg.apache.cordova.file%2Fwww%2FresolveLocalFileSystemURI.js
2015-01-08 19:38:23.137 blankbook[2050:92673] METEOR CORDOVA DEBUG loading filepath: /Users/emmgtz/Library/Developer/CoreSimulator/Devices/6F71749D-9395-4738-951A-F1F890269CDB/data/Containers/Bundle/Application/10A0E435-1D5D-4A76-8705-AB098FA74B1E/blankbook.app/www/plugins/org.apache.cordova.file/www/ios/FileSystem.js for path: %2Fplugins%2Forg.apache.cordova.file%2Fwww%2Fios%2FFileSystem.js
2015-01-08 19:38:23.144 blankbook[2050:92673] METEOR CORDOVA DEBUG loading filepath: /Users/emmgtz/Library/Developer/CoreSimulator/Devices/6F71749D-9395-4738-951A-F1F890269CDB/data/Containers/Bundle/Application/10A0E435-1D5D-4A76-8705-AB098FA74B1E/blankbook.app/www/plugins/org.apache.cordova.file/www/fileSystems-roots.js for path: %2Fplugins%2Forg.apache.cordova.file%2Fwww%2FfileSystems-roots.js
2015-01-08 19:38:23.144 blankbook[2050:92673] METEOR CORDOVA DEBUG loading filepath: /Users/emmgtz/Library/Developer/CoreSimulator/Devices/6F71749D-9395-4738-951A-F1F890269CDB/data/Containers/Bundle/Application/10A0E435-1D5D-4A76-8705-AB098FA74B1E/blankbook.app/www/plugins/org.apache.cordova.file/www/fileSystemPaths.js for path: %2Fplugins%2Forg.apache.cordova.file%2Fwww%2FfileSystemPaths.js
2015-01-08 19:38:23.145 blankbook[2050:92673] METEOR CORDOVA DEBUG loading filepath: /Users/emmgtz/Library/Developer/CoreSimulator/Devices/6F71749D-9395-4738-951A-F1F890269CDB/data/Containers/Bundle/Application/10A0E435-1D5D-4A76-8705-AB098FA74B1E/blankbook.app/www/plugins/org.apache.cordova.file-transfer/www/FileTransferError.js for path: %2Fplugins%2Forg.apache.cordova.file-transfer%2Fwww%2FFileTransferError.js
2015-01-08 19:38:23.146 blankbook[2050:92673] METEOR CORDOVA DEBUG loading filepath: /Users/emmgtz/Library/Developer/CoreSimulator/Devices/6F71749D-9395-4738-951A-F1F890269CDB/data/Containers/Bundle/Application/10A0E435-1D5D-4A76-8705-AB098FA74B1E/blankbook.app/www/plugins/org.apache.cordova.file-transfer/www/FileTransfer.js for path: %2Fplugins%2Forg.apache.cordova.file-transfer%2Fwww%2FFileTransfer.js
2015-01-08 19:38:23.146 blankbook[2050:92673] METEOR CORDOVA DEBUG loading filepath: /Users/emmgtz/Library/Developer/CoreSimulator/Devices/6F71749D-9395-4738-951A-F1F890269CDB/data/Containers/Bundle/Application/10A0E435-1D5D-4A76-8705-AB098FA74B1E/blankbook.app/www/plugins/org.apache.cordova.device/www/device.js for path: %2Fplugins%2Forg.apache.cordova.device%2Fwww%2Fdevice.js
2015-01-08 19:38:23.147 blankbook[2050:92673] METEOR CORDOVA DEBUG loading filepath: /Users/emmgtz/Library/Developer/CoreSimulator/Devices/6F71749D-9395-4738-951A-F1F890269CDB/data/Containers/Bundle/Application/10A0E435-1D5D-4A76-8705-AB098FA74B1E/blankbook.app/www/plugins/com.meteor.cordova-update/www/CordovaUpdate.js for path: %2Fplugins%2Fcom.meteor.cordova-update%2Fwww%2FCordovaUpdate.js
2015-01-08 19:38:23.148 blankbook[2050:92673] METEOR CORDOVA DEBUG loading filepath: /Users/emmgtz/Library/Developer/CoreSimulator/Devices/6F71749D-9395-4738-951A-F1F890269CDB/data/Containers/Bundle/Application/10A0E435-1D5D-4A76-8705-AB098FA74B1E/blankbook.app/www/plugins/org.apache.cordova.statusbar/www/statusbar.js for path: %2Fplugins%2Forg.apache.cordova.statusbar%2Fwww%2Fstatusbar.js
2015-01-08 19:38:23.148 blankbook[2050:92673] METEOR CORDOVA DEBUG loading filepath: /Users/emmgtz/Library/Developer/CoreSimulator/Devices/6F71749D-9395-4738-951A-F1F890269CDB/data/Containers/Bundle/Application/10A0E435-1D5D-4A76-8705-AB098FA74B1E/blankbook.app/www/plugins/org.apache.cordova.splashscreen/www/splashscreen.js for path: %2Fplugins%2Forg.apache.cordova.splashscreen%2Fwww%2Fsplashscreen.js
2015-01-08 19:38:30.732 blankbook[2050:92635] METEOR CORDOVA DEBUG (autoupdate_cordova.js) Failed to download the manifest network undefined
2015-01-08 19:38:44.351 blankbook[2050:92635] bookExist _id: R2vgkv6YuTJj8Hebz
2015-01-08 19:38:44.351 blankbook[2050:92635] owner: Pepe
2015-01-08 19:38:44.352 blankbook[2050:92635] _id: R2vgkv6YuTJj8Hebz
2015-01-08 19:38:44.352 blankbook[2050:92635] owner: Pepe
2015-01-08 19:45:26.946 blankbook[2050:99433] Terminating since there is no system app.
